生成启动时间为 2016-10-11 21:07:54。
     1>项目“C:\Users\lenovo\Desktop\已完成\200_人脸_数量\MyOpenCV\MyOpenCV.vcxproj”在节点 2 上(build 个目标)。
     1>InitializeBuildStatus:
         正在创建“Debug\MyOpenCV.unsuccessfulbuild”，因为已指定“AlwaysCreate”。
       ClCompile:
         所有输出均为最新。
         C:\Program Files (x86)\Microsoft Visual Studio 10.0\VC\bin\CL.exe /c /I.\opencv /I.\opencv\opencv /I.\src /ZI /nologo /W3 /WX- /Od /Oy- /D WIN32 /D _WINDOWS /D _DEBUG /D _UNICODE /D UNICODE /D _AFXDLL /Gm /EHsc /RTC1 /MDd /GS /fp:precise /Zc:wchar_t /Zc:forScope /Yu"StdAfx.h" /Fp"Debug\MyOpenCV.pch" /Fo"Debug\\" /Fd"Debug\vc100.pdb" /Gd /TP /analyze- /errorReport:prompt ChildView.cpp
         ChildView.cpp
       ResourceCompile:
         所有输出均为最新。
       ManifestResourceCompile:
         所有输出均为最新。
       Link:
         C:\Program Files (x86)\Microsoft Visual Studio 10.0\VC\bin\link.exe /ERRORREPORT:PROMPT /OUT:"C:\Users\lenovo\Desktop\已完成\200_人脸_数量\MyOpenCV\Debug\MyOpenCV.exe" /INCREMENTAL /NOLOGO /MANIFEST /ManifestFile:"Debug\MyOpenCV.exe.intermediate.manifest" /MANIFESTUAC:"level='asInvoker' uiAccess='false'" /DEBUG /PDB:"C:\Users\lenovo\Desktop\已完成\200_人脸_数量\MyOpenCV\Debug\MyOpenCV.pdb" /SUBSYSTEM:WINDOWS /TLBID:1 /ENTRY:"wWinMainCRTStartup" /DYNAMICBASE /NXCOMPAT /IMPLIB:"C:\Users\lenovo\Desktop\已完成\200_人脸_数量\MyOpenCV\Debug\MyOpenCV.lib" /MACHINE:X86 Debug\MyOpenCV.res
         Debug\MyOpenCV.exe.embed.manifest.res
         Debug\ChildView.obj
         Debug\MainFrm.obj
         Debug\MyOpenCV.obj
         Debug\FaceAlign_Haar.obj
         Debug\utils.obj
         Debug\stdafx.obj
       Manifest:
         C:\Program Files (x86)\Microsoft SDKs\Windows\v7.0A\bin\mt.exe /nologo /verbose /out:"Debug\MyOpenCV.exe.embed.manifest" /manifest Debug\MyOpenCV.exe.intermediate.manifest "C:\Program Files (x86)\Microsoft Visual Studio 10.0\VC\Include\Manifest\dpiaware.manifest"
         所有输出均为最新。
       LinkEmbedManifest:
         所有输出均为最新。
         MyOpenCV.vcxproj -> C:\Users\lenovo\Desktop\已完成\200_人脸_数量\MyOpenCV\Debug\MyOpenCV.exe
       FinalizeBuildStatus:
         正在删除文件“Debug\MyOpenCV.unsuccessfulbuild”。
         正在对“Debug\MyOpenCV.lastbuildstate”执行 Touch 任务。
     1>已完成生成项目“C:\Users\lenovo\Desktop\已完成\200_人脸_数量\MyOpenCV\MyOpenCV.vcxproj”(build 个目标)的操作。

生成成功。

已用时间 00:00:01.65
