C:\USERS\LENOVO\DESKTOP\400_人脸_像素画\MYOPENCV\DEBUG\CHILDVIEW.OBJ
C:\Users\lenovo\Desktop\400_人脸_像素画\MyOpenCV\Debug\cl.command.1.tlog
C:\Users\lenovo\Desktop\400_人脸_像素画\MyOpenCV\Debug\CL.read.1.tlog
C:\Users\lenovo\Desktop\400_人脸_像素画\MyOpenCV\Debug\CL.write.1.tlog
C:\USERS\LENOVO\DESKTOP\400_人脸_像素画\MYOPENCV\DEBUG\FACEALIGN_HAAR.OBJ
C:\Users\lenovo\Desktop\400_人脸_像素画\MyOpenCV\Debug\link.command.1.tlog
C:\Users\lenovo\Desktop\400_人脸_像素画\MyOpenCV\Debug\link.read.1.tlog
C:\Users\lenovo\Desktop\400_人脸_像素画\MyOpenCV\Debug\link.write.1.tlog
C:\Users\lenovo\Desktop\400_人脸_像素画\MyOpenCV\Debug\link-cvtres.read.1.tlog
C:\Users\lenovo\Desktop\400_人脸_像素画\MyOpenCV\Debug\link-cvtres.write.1.tlog
C:\USERS\LENOVO\DESKTOP\400_人脸_像素画\MYOPENCV\DEBUG\MAINFRM.OBJ
C:\Users\lenovo\Desktop\400_人脸_像素画\MyOpenCV\Debug\mt.command.1.tlog
C:\Users\lenovo\Desktop\400_人脸_像素画\MyOpenCV\Debug\mt.read.1.tlog
C:\Users\lenovo\Desktop\400_人脸_像素画\MyOpenCV\Debug\mt.write.1.tlog
C:\USERS\LENOVO\DESKTOP\400_人脸_像素画\MYOPENCV\DEBUG\MYOPENCV.EXE
C:\USERS\LENOVO\DESKTOP\400_人脸_像素画\MYOPENCV\DEBUG\MYOPENCV.EXE.EMBED.MANIFEST
C:\USERS\LENOVO\DESKTOP\400_人脸_像素画\MYOPENCV\DEBUG\MYOPENCV.EXE.EMBED.MANIFEST.RES
C:\USERS\LENOVO\DESKTOP\400_人脸_像素画\MYOPENCV\DEBUG\MYOPENCV.EXE.INTERMEDIATE.MANIFEST
C:\USERS\LENOVO\DESKTOP\400_人脸_像素画\MYOPENCV\DEBUG\MYOPENCV.ILK
C:\USERS\LENOVO\DESKTOP\400_人脸_像素画\MYOPENCV\DEBUG\MYOPENCV.OBJ
C:\USERS\LENOVO\DESKTOP\400_人脸_像素画\MYOPENCV\DEBUG\MYOPENCV.PCH
C:\USERS\LENOVO\DESKTOP\400_人脸_像素画\MYOPENCV\DEBUG\MYOPENCV.PDB
C:\USERS\LENOVO\DESKTOP\400_人脸_像素画\MYOPENCV\DEBUG\MYOPENCV.RES
C:\Users\lenovo\Desktop\400_人脸_像素画\MyOpenCV\Debug\MyOpenCV.write.1.tlog
C:\Users\lenovo\Desktop\400_人脸_像素画\MyOpenCV\Debug\MyOpenCV_manifest.rc
C:\Users\lenovo\Desktop\400_人脸_像素画\MyOpenCV\Debug\rc.command.1.tlog
C:\Users\lenovo\Desktop\400_人脸_像素画\MyOpenCV\Debug\rc.read.1.tlog
C:\Users\lenovo\Desktop\400_人脸_像素画\MyOpenCV\Debug\rc.write.1.tlog
C:\USERS\LENOVO\DESKTOP\400_人脸_像素画\MYOPENCV\DEBUG\STDAFX.OBJ
C:\USERS\LENOVO\DESKTOP\400_人脸_像素画\MYOPENCV\DEBUG\UTILS.OBJ
C:\Users\lenovo\Desktop\400_人脸_像素画\MyOpenCV\Debug\vc100.idb
C:\USERS\LENOVO\DESKTOP\400_人脸_像素画\MYOPENCV\DEBUG\VC100.PDB
